2018-10-23 13:19:58|ERROR|Warning_Message.Go|exception 'PDOException' with message 'You have an error in your SQL syntax; check the manual that corresponds to your MySQL server version for the right syntax to use near 'where to_days(createTime)=to_days(now()))' at line 1' in D:\phpPro\wwwroot\StockManager\api\PhalApi\NotORM\NotORM\Result.php:258
Stack trace:
#0 D:\phpPro\wwwroot\StockManager\api\PhalApi\NotORM\NotORM\Result.php(811): NotORM_Result->query('SELECT * FROM v...', Array)
#1 D:\phpPro\wwwroot\StockManager\api\PhalApi\NotORM\NotORM\Result.php(857): NotORM_Result->execute()
#2 D:\phpPro\wwwroot\StockManager\api\Version1\Model\Message.php(19): NotORM_Result->fetch()
#3 D:\phpPro\wwwroot\StockManager\api\Version1\Domain\Message\Msg.php(87): Model_Message->invoiceMsgExists('1')
#4 D:\phpPro\wwwroot\StockManager\api\Version1\Api\Warning\Message.php(10): Domain_Message_Msg::InvoiceWaning('32')
#5 [internal function]: Api_Warning_Message->go()
#6 D:\phpPro\wwwroot\StockManager\api\PhalApi\PhalApi.php(55): call_user_func(Array)
#7 D:\phpPro\wwwroot\StockManager\api\Public\v1\index.php(14): PhalApi->response()
#8 {main}
2018-10-23 13:25:02|ERROR|Warning_Message.Go|exception 'PDOException' with message 'You have an error in your SQL syntax; check the manual that corresponds to your MySQL server version for the right syntax to use near 'where to_days(createTime)=to_days(now()))' at line 1' in D:\phpPro\wwwroot\StockManager\api\PhalApi\NotORM\NotORM\Result.php:258
Stack trace:
#0 D:\phpPro\wwwroot\StockManager\api\PhalApi\NotORM\NotORM\Result.php(811): NotORM_Result->query('SELECT * FROM v...', Array)
#1 D:\phpPro\wwwroot\StockManager\api\PhalApi\NotORM\NotORM\Result.php(857): NotORM_Result->execute()
#2 D:\phpPro\wwwroot\StockManager\api\Version1\Model\Message.php(19): NotORM_Result->fetch()
#3 D:\phpPro\wwwroot\StockManager\api\Version1\Domain\Message\Msg.php(87): Model_Message->invoiceMsgExists('1')
#4 D:\phpPro\wwwroot\StockManager\api\Version1\Api\Warning\Message.php(10): Domain_Message_Msg::InvoiceWaning('32')
#5 [internal function]: Api_Warning_Message->go()
#6 D:\phpPro\wwwroot\StockManager\api\PhalApi\PhalApi.php(55): call_user_func(Array)
#7 D:\phpPro\wwwroot\StockManager\api\Public\v1\index.php(14): PhalApi->response()
#8 {main}
2018-10-23 13:28:23|ERROR|Warning_Message.Go|exception 'PDOException' with message 'You have an error in your SQL syntax; check the manual that corresponds to your MySQL server version for the right syntax to use near 'where to_days(createTime)=to_days(now()))' at line 1' in D:\phpPro\wwwroot\StockManager\api\PhalApi\NotORM\NotORM\Result.php:258
Stack trace:
#0 D:\phpPro\wwwroot\StockManager\api\PhalApi\NotORM\NotORM\Result.php(811): NotORM_Result->query('SELECT * FROM v...', Array)
#1 D:\phpPro\wwwroot\StockManager\api\PhalApi\NotORM\NotORM\Result.php(857): NotORM_Result->execute()
#2 D:\phpPro\wwwroot\StockManager\api\Version1\Model\Message.php(19): NotORM_Result->fetch()
#3 D:\phpPro\wwwroot\StockManager\api\Version1\Domain\Message\Msg.php(87): Model_Message->invoiceMsgExists('1')
#4 D:\phpPro\wwwroot\StockManager\api\Version1\Api\Warning\Message.php(10): Domain_Message_Msg::InvoiceWaning('32')
#5 [internal function]: Api_Warning_Message->go()
#6 D:\phpPro\wwwroot\StockManager\api\PhalApi\PhalApi.php(55): call_user_func(Array)
#7 D:\phpPro\wwwroot\StockManager\api\Public\v1\index.php(14): PhalApi->response()
#8 {main}
2018-10-23 13:34:15|ERROR|Warning_Message.Go|exception 'PDOException' with message 'You have an error in your SQL syntax; check the manual that corresponds to your MySQL server version for the right syntax to use near 'where to_days(createTime)=to_days(now()))' at line 1' in D:\phpPro\wwwroot\StockManager\api\PhalApi\NotORM\NotORM\Result.php:258
Stack trace:
#0 D:\phpPro\wwwroot\StockManager\api\PhalApi\NotORM\NotORM\Result.php(811): NotORM_Result->query('SELECT * FROM v...', Array)
#1 D:\phpPro\wwwroot\StockManager\api\PhalApi\NotORM\NotORM\Result.php(857): NotORM_Result->execute()
#2 D:\phpPro\wwwroot\StockManager\api\Version1\Model\Message.php(19): NotORM_Result->fetch()
#3 D:\phpPro\wwwroot\StockManager\api\Version1\Domain\Message\Msg.php(87): Model_Message->invoiceMsgExists('1')
#4 D:\phpPro\wwwroot\StockManager\api\Version1\Api\Warning\Message.php(10): Domain_Message_Msg::InvoiceWaning('32')
#5 [internal function]: Api_Warning_Message->go()
#6 D:\phpPro\wwwroot\StockManager\api\PhalApi\PhalApi.php(55): call_user_func(Array)
#7 D:\phpPro\wwwroot\StockManager\api\Public\v1\index.php(14): PhalApi->response()
#8 {main}
2018-10-23 13:36:15|ERROR|Warning_Message.Go|exception 'PDOException' with message 'You have an error in your SQL syntax; check the manual that corresponds to your MySQL server version for the right syntax to use near 'where to_days(createTime)=to_days(now()))' at line 1' in D:\phpPro\wwwroot\StockManager\api\PhalApi\NotORM\NotORM\Result.php:258
Stack trace:
#0 D:\phpPro\wwwroot\StockManager\api\PhalApi\NotORM\NotORM\Result.php(811): NotORM_Result->query('SELECT * FROM v...', Array)
#1 D:\phpPro\wwwroot\StockManager\api\PhalApi\NotORM\NotORM\Result.php(857): NotORM_Result->execute()
#2 D:\phpPro\wwwroot\StockManager\api\Version1\Model\Message.php(19): NotORM_Result->fetch()
#3 D:\phpPro\wwwroot\StockManager\api\Version1\Domain\Message\Msg.php(87): Model_Message->invoiceMsgExists('1')
#4 D:\phpPro\wwwroot\StockManager\api\Version1\Api\Warning\Message.php(10): Domain_Message_Msg::InvoiceWaning('32')
#5 [internal function]: Api_Warning_Message->go()
#6 D:\phpPro\wwwroot\StockManager\api\PhalApi\PhalApi.php(55): call_user_func(Array)
#7 D:\phpPro\wwwroot\StockManager\api\Public\v1\index.php(14): PhalApi->response()
#8 {main}
2018-10-23 13:45:53|ERROR|Warning_Message.Go|exception 'PDOException' with message 'You have an error in your SQL syntax; check the manual that corresponds to your MySQL server version for the right syntax to use near 'where to_days(createTime)=to_days(now()))' at line 1' in D:\phpPro\wwwroot\StockManager\api\PhalApi\NotORM\NotORM\Result.php:258
Stack trace:
#0 D:\phpPro\wwwroot\StockManager\api\PhalApi\NotORM\NotORM\Result.php(811): NotORM_Result->query('SELECT * FROM v...', Array)
#1 D:\phpPro\wwwroot\StockManager\api\PhalApi\NotORM\NotORM\Result.php(857): NotORM_Result->execute()
#2 D:\phpPro\wwwroot\StockManager\api\Version1\Model\Message.php(19): NotORM_Result->fetch()
#3 D:\phpPro\wwwroot\StockManager\api\Version1\Domain\Message\Msg.php(87): Model_Message->invoiceMsgExists('1')
#4 D:\phpPro\wwwroot\StockManager\api\Version1\Api\Warning\Message.php(10): Domain_Message_Msg::InvoiceWaning('32')
#5 [internal function]: Api_Warning_Message->go()
#6 D:\phpPro\wwwroot\StockManager\api\PhalApi\PhalApi.php(55): call_user_func(Array)
#7 D:\phpPro\wwwroot\StockManager\api\Public\v1\index.php(14): PhalApi->response()
#8 {main}
2018-10-23 13:56:12|ERROR|Warning_Message.Go|exception 'PDOException' with message 'You have an error in your SQL syntax; check the manual that corresponds to your MySQL server version for the right syntax to use near 'where to_days(createTime)=to_days(now()))' at line 1' in D:\phpPro\wwwroot\StockManager\api\PhalApi\NotORM\NotORM\Result.php:258
Stack trace:
#0 D:\phpPro\wwwroot\StockManager\api\PhalApi\NotORM\NotORM\Result.php(811): NotORM_Result->query('SELECT * FROM v...', Array)
#1 D:\phpPro\wwwroot\StockManager\api\PhalApi\NotORM\NotORM\Result.php(857): NotORM_Result->execute()
#2 D:\phpPro\wwwroot\StockManager\api\Version1\Model\Message.php(19): NotORM_Result->fetch()
#3 D:\phpPro\wwwroot\StockManager\api\Version1\Domain\Message\Msg.php(87): Model_Message->invoiceMsgExists('1')
#4 D:\phpPro\wwwroot\StockManager\api\Version1\Api\Warning\Message.php(10): Domain_Message_Msg::InvoiceWaning('32')
#5 [internal function]: Api_Warning_Message->go()
#6 D:\phpPro\wwwroot\StockManager\api\PhalApi\PhalApi.php(55): call_user_func(Array)
#7 D:\phpPro\wwwroot\StockManager\api\Public\v1\index.php(14): PhalApi->response()
#8 {main}
2018-10-23 14:06:29|ERROR|Warning_Message.Go|exception 'PDOException' with message 'You have an error in your SQL syntax; check the manual that corresponds to your MySQL server version for the right syntax to use near 'where to_days(createTime)=to_days(now()))' at line 1' in D:\phpPro\wwwroot\StockManager\api\PhalApi\NotORM\NotORM\Result.php:258
Stack trace:
#0 D:\phpPro\wwwroot\StockManager\api\PhalApi\NotORM\NotORM\Result.php(811): NotORM_Result->query('SELECT * FROM v...', Array)
#1 D:\phpPro\wwwroot\StockManager\api\PhalApi\NotORM\NotORM\Result.php(857): NotORM_Result->execute()
#2 D:\phpPro\wwwroot\StockManager\api\Version1\Model\Message.php(19): NotORM_Result->fetch()
#3 D:\phpPro\wwwroot\StockManager\api\Version1\Domain\Message\Msg.php(87): Model_Message->invoiceMsgExists('1')
#4 D:\phpPro\wwwroot\StockManager\api\Version1\Api\Warning\Message.php(10): Domain_Message_Msg::InvoiceWaning('32')
#5 [internal function]: Api_Warning_Message->go()
#6 D:\phpPro\wwwroot\StockManager\api\PhalApi\PhalApi.php(55): call_user_func(Array)
#7 D:\phpPro\wwwroot\StockManager\api\Public\v1\index.php(14): PhalApi->response()
#8 {main}
