2018-10-26 08:55:19|ERROR|Warning_Message.Go|exception 'PDOException' with message 'You have an error in your SQL syntax; check the manual that corresponds to your MySQL server version for the right syntax to use near 'where to_days(createTime)=to_days(now()))' at line 1' in D:\phpPro\wwwroot\StockManager\api\PhalApi\NotORM\NotORM\Result.php:258
Stack trace:
#0 D:\phpPro\wwwroot\StockManager\api\PhalApi\NotORM\NotORM\Result.php(811): NotORM_Result->query('SELECT * FROM v...', Array)
#1 D:\phpPro\wwwroot\StockManager\api\PhalApi\NotORM\NotORM\Result.php(857): NotORM_Result->execute()
#2 D:\phpPro\wwwroot\StockManager\api\Version1\Model\Message.php(19): NotORM_Result->fetch()
#3 D:\phpPro\wwwroot\StockManager\api\Version1\Domain\Message\Msg.php(87): Model_Message->invoiceMsgExists('1')
#4 D:\phpPro\wwwroot\StockManager\api\Version1\Api\Warning\Message.php(10): Domain_Message_Msg::InvoiceWaning('32')
#5 [internal function]: Api_Warning_Message->go()
#6 D:\phpPro\wwwroot\StockManager\api\PhalApi\PhalApi.php(55): call_user_func(Array)
#7 D:\phpPro\wwwroot\StockManager\api\Public\v1\index.php(14): PhalApi->response()
#8 {main}
2018-10-26 09:33:43|ERROR|Warning_Message.Go|exception 'PDOException' with message 'You have an error in your SQL syntax; check the manual that corresponds to your MySQL server version for the right syntax to use near 'where to_days(createTime)=to_days(now()))' at line 1' in D:\phpPro\wwwroot\StockManager\api\PhalApi\NotORM\NotORM\Result.php:258
Stack trace:
#0 D:\phpPro\wwwroot\StockManager\api\PhalApi\NotORM\NotORM\Result.php(811): NotORM_Result->query('SELECT * FROM v...', Array)
#1 D:\phpPro\wwwroot\StockManager\api\PhalApi\NotORM\NotORM\Result.php(857): NotORM_Result->execute()
#2 D:\phpPro\wwwroot\StockManager\api\Version1\Model\Message.php(19): NotORM_Result->fetch()
#3 D:\phpPro\wwwroot\StockManager\api\Version1\Domain\Message\Msg.php(87): Model_Message->invoiceMsgExists('1')
#4 D:\phpPro\wwwroot\StockManager\api\Version1\Api\Warning\Message.php(10): Domain_Message_Msg::InvoiceWaning('32')
#5 [internal function]: Api_Warning_Message->go()
#6 D:\phpPro\wwwroot\StockManager\api\PhalApi\PhalApi.php(55): call_user_func(Array)
#7 D:\phpPro\wwwroot\StockManager\api\Public\v1\index.php(14): PhalApi->response()
#8 {main}
2018-10-26 13:06:16|ERROR|Warning_Message.Go|exception 'PDOException' with message 'You have an error in your SQL syntax; check the manual that corresponds to your MySQL server version for the right syntax to use near 'where to_days(createTime)=to_days(now()))' at line 1' in D:\WWW\stock\api\PhalApi\NotORM\NotORM\Result.php:258
Stack trace:
#0 D:\WWW\stock\api\PhalApi\NotORM\NotORM\Result.php(811): NotORM_Result->query('SELECT * FROM v...', Array)
#1 D:\WWW\stock\api\PhalApi\NotORM\NotORM\Result.php(857): NotORM_Result->execute()
#2 D:\WWW\stock\api\Version1\Model\Message.php(19): NotORM_Result->fetch()
#3 D:\WWW\stock\api\Version1\Domain\Message\Msg.php(87): Model_Message->invoiceMsgExists('1')
#4 D:\WWW\stock\api\Version1\Api\Warning\Message.php(10): Domain_Message_Msg::InvoiceWaning('32')
#5 [internal function]: Api_Warning_Message->go()
#6 D:\WWW\stock\api\PhalApi\PhalApi.php(55): call_user_func(Array)
#7 D:\WWW\stock\api\Public\v1\index.php(14): PhalApi->response()
#8 {main}
2018-10-26 13:30:27|ERROR|Warning_Message.Go|exception 'PDOException' with message 'You have an error in your SQL syntax; check the manual that corresponds to your MySQL server version for the right syntax to use near 'where to_days(createTime)=to_days(now()))' at line 1' in D:\WWW\stock\api\PhalApi\NotORM\NotORM\Result.php:258
Stack trace:
#0 D:\WWW\stock\api\PhalApi\NotORM\NotORM\Result.php(811): NotORM_Result->query('SELECT * FROM v...', Array)
#1 D:\WWW\stock\api\PhalApi\NotORM\NotORM\Result.php(857): NotORM_Result->execute()
#2 D:\WWW\stock\api\Version1\Model\Message.php(19): NotORM_Result->fetch()
#3 D:\WWW\stock\api\Version1\Domain\Message\Msg.php(87): Model_Message->invoiceMsgExists('1')
#4 D:\WWW\stock\api\Version1\Api\Warning\Message.php(10): Domain_Message_Msg::InvoiceWaning('32')
#5 [internal function]: Api_Warning_Message->go()
#6 D:\WWW\stock\api\PhalApi\PhalApi.php(55): call_user_func(Array)
#7 D:\WWW\stock\api\Public\v1\index.php(14): PhalApi->response()
#8 {main}
2018-10-26 14:27:28|ERROR|Supplier_Insert.Go|exception 'PDOException' with message 'Column 'cardMoney' cannot be null' in D:\WWW\stock\api\PhalApi\NotORM\NotORM\Result.php:258
Stack trace:
#0 D:\WWW\stock\api\PhalApi\NotORM\NotORM\Result.php(339): NotORM_Result->query('INSERT INTO vic...', Array)
#1 D:\WWW\stock\api\PhalApi\NotORM\NotORM\Result.php(356): NotORM_Result->insert_multi(Array)
#2 D:\WWW\stock\api\PhalApi\PhalApi\Model\NotORM.php(37): NotORM_Result->insert(Array)
#3 D:\WWW\stock\api\Version1\Domain\Supplier\CURD.php(9): PhalApi_Model_NotORM->insert(Array)
#4 D:\WWW\stock\api\Version1\Api\Supplier\Insert.php(58): Domain_Supplier_CURD->insert(Array)
#5 [internal function]: Api_Supplier_Insert->go()
#6 D:\WWW\stock\api\PhalApi\PhalApi.php(55): call_user_func(Array)
#7 D:\WWW\stock\api\Public\v1\index.php(14): PhalApi->response()
#8 {main}
2018-10-26 15:59:06|ERROR|Warning_Message.Go|exception 'PDOException' with message 'You have an error in your SQL syntax; check the manual that corresponds to your MySQL server version for the right syntax to use near 'where to_days(createTime)=to_days(now()))' at line 1' in D:\WWW\stock\api\PhalApi\NotORM\NotORM\Result.php:258
Stack trace:
#0 D:\WWW\stock\api\PhalApi\NotORM\NotORM\Result.php(811): NotORM_Result->query('SELECT * FROM v...', Array)
#1 D:\WWW\stock\api\PhalApi\NotORM\NotORM\Result.php(857): NotORM_Result->execute()
#2 D:\WWW\stock\api\Version1\Model\Message.php(19): NotORM_Result->fetch()
#3 D:\WWW\stock\api\Version1\Domain\Message\Msg.php(87): Model_Message->invoiceMsgExists('1')
#4 D:\WWW\stock\api\Version1\Api\Warning\Message.php(10): Domain_Message_Msg::InvoiceWaning('32')
#5 [internal function]: Api_Warning_Message->go()
#6 D:\WWW\stock\api\PhalApi\PhalApi.php(55): call_user_func(Array)
#7 D:\WWW\stock\api\Public\v1\index.php(14): PhalApi->response()
#8 {main}
2018-10-26 16:02:53|DEBUG|Wrong Sign|{"needSign":"6caebf0193b770e8a59ee79c1c96a17f"}
2018-10-26 16:02:59|DEBUG|Wrong Sign|{"needSign":"6caebf0193b770e8a59ee79c1c96a17f"}
2018-10-26 16:07:15|DEBUG|Wrong Sign|{"needSign":"6caebf0193b770e8a59ee79c1c96a17f"}
2018-10-26 16:23:03|DEBUG|invalid timestamp|{"timestamp":1540542183}
2018-10-26 16:23:06|DEBUG|invalid timestamp|{"timestamp":1540542186}
2018-10-26 16:23:08|DEBUG|invalid timestamp|{"timestamp":1540542188}
