2018-02-01 08:07:15|ERROR|Warning_Message.Go|exception 'PDOException' with message 'You have an error in your SQL syntax; check the manual that corresponds to your MySQL server version for the right syntax to use near 'where to_days(createTime)=to_days(now()))' at line 1' in D:\wamp\www\jxc\api\PhalApi\NotORM\NotORM\Result.php:258
Stack trace:
#0 D:\wamp\www\jxc\api\PhalApi\NotORM\NotORM\Result.php(811): NotORM_Result->query('SELECT * FROM v...', Array)
#1 D:\wamp\www\jxc\api\PhalApi\NotORM\NotORM\Result.php(857): NotORM_Result->execute()
#2 D:\wamp\www\jxc\api\Version1\Model\Message.php(19): NotORM_Result->fetch()
#3 D:\wamp\www\jxc\api\Version1\Domain\Message\Msg.php(87): Model_Message->invoiceMsgExists('1')
#4 D:\wamp\www\jxc\api\Version1\Api\Warning\Message.php(10): Domain_Message_Msg::InvoiceWaning('32')
#5 [internal function]: Api_Warning_Message->go()
#6 D:\wamp\www\jxc\api\PhalApi\PhalApi.php(55): call_user_func(Array)
#7 D:\wamp\www\jxc\api\Public\v1\index.php(14): PhalApi->response()
#8 {main}
2018-02-01 09:30:40|ERROR|Invoice_Collect.Go|exception 'PDOException' with message 'Unknown column 'realInvoiceNo' in 'field list'' in D:\wamp\www\jxc\api\PhalApi\NotORM\NotORM\Result.php:258
Stack trace:
#0 D:\wamp\www\jxc\api\PhalApi\NotORM\NotORM\Result.php(410): NotORM_Result->query('UPDATE vich_inv...', Array)
#1 D:\wamp\www\jxc\api\PhalApi\PhalApi\Model\NotORM.php(48): NotORM_Result->update(Array)
#2 D:\wamp\www\jxc\api\Version1\Domain\Invoice\CURD.php(120): PhalApi_Model_NotORM->update(24, Array)
#3 D:\wamp\www\jxc\api\Version1\Api\Invoice\Collect.php(52): Domain_Invoice_CURD->collect(Array)
#4 [internal function]: Api_Invoice_Collect->go()
#5 D:\wamp\www\jxc\api\PhalApi\PhalApi.php(55): call_user_func(Array)
#6 D:\wamp\www\jxc\api\Public\v1\index.php(14): PhalApi->response()
#7 {main}
2018-02-01 16:48:36|ERROR|Warning_Message.Go|exception 'PDOException' with message 'You have an error in your SQL syntax; check the manual that corresponds to your MySQL server version for the right syntax to use near 'where to_days(createTime)=to_days(now()))' at line 1' in D:\wamp\www\jxc\api\PhalApi\NotORM\NotORM\Result.php:258
Stack trace:
#0 D:\wamp\www\jxc\api\PhalApi\NotORM\NotORM\Result.php(811): NotORM_Result->query('SELECT * FROM v...', Array)
#1 D:\wamp\www\jxc\api\PhalApi\NotORM\NotORM\Result.php(857): NotORM_Result->execute()
#2 D:\wamp\www\jxc\api\Version1\Model\Message.php(19): NotORM_Result->fetch()
#3 D:\wamp\www\jxc\api\Version1\Domain\Message\Msg.php(87): Model_Message->invoiceMsgExists('1')
#4 D:\wamp\www\jxc\api\Version1\Api\Warning\Message.php(10): Domain_Message_Msg::InvoiceWaning('32')
#5 [internal function]: Api_Warning_Message->go()
#6 D:\wamp\www\jxc\api\PhalApi\PhalApi.php(55): call_user_func(Array)
#7 D:\wamp\www\jxc\api\Public\v1\index.php(14): PhalApi->response()
#8 {main}
