2019-01-30 08:00:02|ERROR|Warning_Message.Go|exception 'PDOException' with message 'You have an error in your SQL syntax; check the manual that corresponds to your MySQL server version for the right syntax to use near 'where to_days(createTime)=to_days(now()))' at line 1' in D:\wamp\www\jxc\api\PhalApi\NotORM\NotORM\Result.php:258
Stack trace:
#0 D:\wamp\www\jxc\api\PhalApi\NotORM\NotORM\Result.php(811): NotORM_Result->query('SELECT * FROM v...', Array)
#1 D:\wamp\www\jxc\api\PhalApi\NotORM\NotORM\Result.php(857): NotORM_Result->execute()
#2 D:\wamp\www\jxc\api\Version1\Model\Message.php(19): NotORM_Result->fetch()
#3 D:\wamp\www\jxc\api\Version1\Domain\Message\Msg.php(87): Model_Message->invoiceMsgExists('41')
#4 D:\wamp\www\jxc\api\Version1\Api\Warning\Message.php(10): Domain_Message_Msg::InvoiceWaning('32')
#5 [internal function]: Api_Warning_Message->go()
#6 D:\wamp\www\jxc\api\PhalApi\PhalApi.php(55): call_user_func(Array)
#7 D:\wamp\www\jxc\api\Public\v1\index.php(14): PhalApi->response()
#8 {main}
2019-01-30 10:27:10|ERROR|Warning_Message.Go|exception 'PDOException' with message 'You have an error in your SQL syntax; check the manual that corresponds to your MySQL server version for the right syntax to use near 'where to_days(createTime)=to_days(now()))' at line 1' in D:\wamp\www\jxc\api\PhalApi\NotORM\NotORM\Result.php:258
Stack trace:
#0 D:\wamp\www\jxc\api\PhalApi\NotORM\NotORM\Result.php(811): NotORM_Result->query('SELECT * FROM v...', Array)
#1 D:\wamp\www\jxc\api\PhalApi\NotORM\NotORM\Result.php(857): NotORM_Result->execute()
#2 D:\wamp\www\jxc\api\Version1\Model\Message.php(19): NotORM_Result->fetch()
#3 D:\wamp\www\jxc\api\Version1\Domain\Message\Msg.php(87): Model_Message->invoiceMsgExists('41')
#4 D:\wamp\www\jxc\api\Version1\Api\Warning\Message.php(10): Domain_Message_Msg::InvoiceWaning('32')
#5 [internal function]: Api_Warning_Message->go()
#6 D:\wamp\www\jxc\api\PhalApi\PhalApi.php(55): call_user_func(Array)
#7 D:\wamp\www\jxc\api\Public\v1\index.php(14): PhalApi->response()
#8 {main}
2019-01-30 10:55:13|ERROR|Warning_Message.Go|exception 'PDOException' with message 'You have an error in your SQL syntax; check the manual that corresponds to your MySQL server version for the right syntax to use near 'where to_days(createTime)=to_days(now()))' at line 1' in D:\wamp\www\jxc\api\PhalApi\NotORM\NotORM\Result.php:258
Stack trace:
#0 D:\wamp\www\jxc\api\PhalApi\NotORM\NotORM\Result.php(811): NotORM_Result->query('SELECT * FROM v...', Array)
#1 D:\wamp\www\jxc\api\PhalApi\NotORM\NotORM\Result.php(857): NotORM_Result->execute()
#2 D:\wamp\www\jxc\api\Version1\Model\Message.php(19): NotORM_Result->fetch()
#3 D:\wamp\www\jxc\api\Version1\Domain\Message\Msg.php(87): Model_Message->invoiceMsgExists('41')
#4 D:\wamp\www\jxc\api\Version1\Api\Warning\Message.php(10): Domain_Message_Msg::InvoiceWaning('32')
#5 [internal function]: Api_Warning_Message->go()
#6 D:\wamp\www\jxc\api\PhalApi\PhalApi.php(55): call_user_func(Array)
#7 D:\wamp\www\jxc\api\Public\v1\index.php(14): PhalApi->response()
#8 {main}
2019-01-30 11:01:17|ERROR|Warning_Message.Go|exception 'PDOException' with message 'You have an error in your SQL syntax; check the manual that corresponds to your MySQL server version for the right syntax to use near 'where to_days(createTime)=to_days(now()))' at line 1' in D:\wamp\www\jxc\api\PhalApi\NotORM\NotORM\Result.php:258
Stack trace:
#0 D:\wamp\www\jxc\api\PhalApi\NotORM\NotORM\Result.php(811): NotORM_Result->query('SELECT * FROM v...', Array)
#1 D:\wamp\www\jxc\api\PhalApi\NotORM\NotORM\Result.php(857): NotORM_Result->execute()
#2 D:\wamp\www\jxc\api\Version1\Model\Message.php(19): NotORM_Result->fetch()
#3 D:\wamp\www\jxc\api\Version1\Domain\Message\Msg.php(87): Model_Message->invoiceMsgExists('41')
#4 D:\wamp\www\jxc\api\Version1\Api\Warning\Message.php(10): Domain_Message_Msg::InvoiceWaning('32')
#5 [internal function]: Api_Warning_Message->go()
#6 D:\wamp\www\jxc\api\PhalApi\PhalApi.php(55): call_user_func(Array)
#7 D:\wamp\www\jxc\api\Public\v1\index.php(14): PhalApi->response()
#8 {main}
2019-01-30 11:22:50|ERROR|Warning_Message.Go|exception 'PDOException' with message 'You have an error in your SQL syntax; check the manual that corresponds to your MySQL server version for the right syntax to use near 'where to_days(createTime)=to_days(now()))' at line 1' in D:\wamp\www\jxc\api\PhalApi\NotORM\NotORM\Result.php:258
Stack trace:
#0 D:\wamp\www\jxc\api\PhalApi\NotORM\NotORM\Result.php(811): NotORM_Result->query('SELECT * FROM v...', Array)
#1 D:\wamp\www\jxc\api\PhalApi\NotORM\NotORM\Result.php(857): NotORM_Result->execute()
#2 D:\wamp\www\jxc\api\Version1\Model\Message.php(19): NotORM_Result->fetch()
#3 D:\wamp\www\jxc\api\Version1\Domain\Message\Msg.php(87): Model_Message->invoiceMsgExists('41')
#4 D:\wamp\www\jxc\api\Version1\Api\Warning\Message.php(10): Domain_Message_Msg::InvoiceWaning('32')
#5 [internal function]: Api_Warning_Message->go()
#6 D:\wamp\www\jxc\api\PhalApi\PhalApi.php(55): call_user_func(Array)
#7 D:\wamp\www\jxc\api\Public\v1\index.php(14): PhalApi->response()
#8 {main}
2019-01-30 11:27:53|ERROR|Warning_Message.Go|exception 'PDOException' with message 'You have an error in your SQL syntax; check the manual that corresponds to your MySQL server version for the right syntax to use near 'where to_days(createTime)=to_days(now()))' at line 1' in D:\wamp\www\jxc\api\PhalApi\NotORM\NotORM\Result.php:258
Stack trace:
#0 D:\wamp\www\jxc\api\PhalApi\NotORM\NotORM\Result.php(811): NotORM_Result->query('SELECT * FROM v...', Array)
#1 D:\wamp\www\jxc\api\PhalApi\NotORM\NotORM\Result.php(857): NotORM_Result->execute()
#2 D:\wamp\www\jxc\api\Version1\Model\Message.php(19): NotORM_Result->fetch()
#3 D:\wamp\www\jxc\api\Version1\Domain\Message\Msg.php(87): Model_Message->invoiceMsgExists('41')
#4 D:\wamp\www\jxc\api\Version1\Api\Warning\Message.php(10): Domain_Message_Msg::InvoiceWaning('32')
#5 [internal function]: Api_Warning_Message->go()
#6 D:\wamp\www\jxc\api\PhalApi\PhalApi.php(55): call_user_func(Array)
#7 D:\wamp\www\jxc\api\Public\v1\index.php(14): PhalApi->response()
#8 {main}
2019-01-30 13:33:03|ERROR|Warning_Message.Go|exception 'PDOException' with message 'You have an error in your SQL syntax; check the manual that corresponds to your MySQL server version for the right syntax to use near 'where to_days(createTime)=to_days(now()))' at line 1' in D:\wamp\www\jxc\api\PhalApi\NotORM\NotORM\Result.php:258
Stack trace:
#0 D:\wamp\www\jxc\api\PhalApi\NotORM\NotORM\Result.php(811): NotORM_Result->query('SELECT * FROM v...', Array)
#1 D:\wamp\www\jxc\api\PhalApi\NotORM\NotORM\Result.php(857): NotORM_Result->execute()
#2 D:\wamp\www\jxc\api\Version1\Model\Message.php(19): NotORM_Result->fetch()
#3 D:\wamp\www\jxc\api\Version1\Domain\Message\Msg.php(87): Model_Message->invoiceMsgExists('41')
#4 D:\wamp\www\jxc\api\Version1\Api\Warning\Message.php(10): Domain_Message_Msg::InvoiceWaning('32')
#5 [internal function]: Api_Warning_Message->go()
#6 D:\wamp\www\jxc\api\PhalApi\PhalApi.php(55): call_user_func(Array)
#7 D:\wamp\www\jxc\api\Public\v1\index.php(14): PhalApi->response()
#8 {main}
2019-01-30 13:59:30|ERROR|Warning_Message.Go|exception 'PDOException' with message 'You have an error in your SQL syntax; check the manual that corresponds to your MySQL server version for the right syntax to use near 'where to_days(createTime)=to_days(now()))' at line 1' in D:\wamp\www\jxc\api\PhalApi\NotORM\NotORM\Result.php:258
Stack trace:
#0 D:\wamp\www\jxc\api\PhalApi\NotORM\NotORM\Result.php(811): NotORM_Result->query('SELECT * FROM v...', Array)
#1 D:\wamp\www\jxc\api\PhalApi\NotORM\NotORM\Result.php(857): NotORM_Result->execute()
#2 D:\wamp\www\jxc\api\Version1\Model\Message.php(19): NotORM_Result->fetch()
#3 D:\wamp\www\jxc\api\Version1\Domain\Message\Msg.php(87): Model_Message->invoiceMsgExists('41')
#4 D:\wamp\www\jxc\api\Version1\Api\Warning\Message.php(10): Domain_Message_Msg::InvoiceWaning('32')
#5 [internal function]: Api_Warning_Message->go()
#6 D:\wamp\www\jxc\api\PhalApi\PhalApi.php(55): call_user_func(Array)
#7 D:\wamp\www\jxc\api\Public\v1\index.php(14): PhalApi->response()
#8 {main}
2019-01-30 14:08:38|ERROR|Warning_Message.Go|exception 'PDOException' with message 'You have an error in your SQL syntax; check the manual that corresponds to your MySQL server version for the right syntax to use near 'where to_days(createTime)=to_days(now()))' at line 1' in D:\wamp\www\jxc\api\PhalApi\NotORM\NotORM\Result.php:258
Stack trace:
#0 D:\wamp\www\jxc\api\PhalApi\NotORM\NotORM\Result.php(811): NotORM_Result->query('SELECT * FROM v...', Array)
#1 D:\wamp\www\jxc\api\PhalApi\NotORM\NotORM\Result.php(857): NotORM_Result->execute()
#2 D:\wamp\www\jxc\api\Version1\Model\Message.php(19): NotORM_Result->fetch()
#3 D:\wamp\www\jxc\api\Version1\Domain\Message\Msg.php(87): Model_Message->invoiceMsgExists('41')
#4 D:\wamp\www\jxc\api\Version1\Api\Warning\Message.php(10): Domain_Message_Msg::InvoiceWaning('32')
#5 [internal function]: Api_Warning_Message->go()
#6 D:\wamp\www\jxc\api\PhalApi\PhalApi.php(55): call_user_func(Array)
#7 D:\wamp\www\jxc\api\Public\v1\index.php(14): PhalApi->response()
#8 {main}
2019-01-30 15:40:56|ERROR|Warning_Message.Go|exception 'PDOException' with message 'You have an error in your SQL syntax; check the manual that corresponds to your MySQL server version for the right syntax to use near 'where to_days(createTime)=to_days(now()))' at line 1' in D:\wamp\www\jxc\api\PhalApi\NotORM\NotORM\Result.php:258
Stack trace:
#0 D:\wamp\www\jxc\api\PhalApi\NotORM\NotORM\Result.php(811): NotORM_Result->query('SELECT * FROM v...', Array)
#1 D:\wamp\www\jxc\api\PhalApi\NotORM\NotORM\Result.php(857): NotORM_Result->execute()
#2 D:\wamp\www\jxc\api\Version1\Model\Message.php(19): NotORM_Result->fetch()
#3 D:\wamp\www\jxc\api\Version1\Domain\Message\Msg.php(87): Model_Message->invoiceMsgExists('41')
#4 D:\wamp\www\jxc\api\Version1\Api\Warning\Message.php(10): Domain_Message_Msg::InvoiceWaning('32')
#5 [internal function]: Api_Warning_Message->go()
#6 D:\wamp\www\jxc\api\PhalApi\PhalApi.php(55): call_user_func(Array)
#7 D:\wamp\www\jxc\api\Public\v1\index.php(14): PhalApi->response()
#8 {main}
2019-01-30 15:44:05|ERROR|Warning_Message.Go|exception 'PDOException' with message 'You have an error in your SQL syntax; check the manual that corresponds to your MySQL server version for the right syntax to use near 'where to_days(createTime)=to_days(now()))' at line 1' in D:\wamp\www\jxc\api\PhalApi\NotORM\NotORM\Result.php:258
Stack trace:
#0 D:\wamp\www\jxc\api\PhalApi\NotORM\NotORM\Result.php(811): NotORM_Result->query('SELECT * FROM v...', Array)
#1 D:\wamp\www\jxc\api\PhalApi\NotORM\NotORM\Result.php(857): NotORM_Result->execute()
#2 D:\wamp\www\jxc\api\Version1\Model\Message.php(19): NotORM_Result->fetch()
#3 D:\wamp\www\jxc\api\Version1\Domain\Message\Msg.php(87): Model_Message->invoiceMsgExists('41')
#4 D:\wamp\www\jxc\api\Version1\Api\Warning\Message.php(10): Domain_Message_Msg::InvoiceWaning('32')
#5 [internal function]: Api_Warning_Message->go()
#6 D:\wamp\www\jxc\api\PhalApi\PhalApi.php(55): call_user_func(Array)
#7 D:\wamp\www\jxc\api\Public\v1\index.php(14): PhalApi->response()
#8 {main}
2019-01-30 16:42:33|ERROR|Warning_Message.Go|exception 'PDOException' with message 'You have an error in your SQL syntax; check the manual that corresponds to your MySQL server version for the right syntax to use near 'where to_days(createTime)=to_days(now()))' at line 1' in D:\wamp\www\jxc\api\PhalApi\NotORM\NotORM\Result.php:258
Stack trace:
#0 D:\wamp\www\jxc\api\PhalApi\NotORM\NotORM\Result.php(811): NotORM_Result->query('SELECT * FROM v...', Array)
#1 D:\wamp\www\jxc\api\PhalApi\NotORM\NotORM\Result.php(857): NotORM_Result->execute()
#2 D:\wamp\www\jxc\api\Version1\Model\Message.php(19): NotORM_Result->fetch()
#3 D:\wamp\www\jxc\api\Version1\Domain\Message\Msg.php(87): Model_Message->invoiceMsgExists('41')
#4 D:\wamp\www\jxc\api\Version1\Api\Warning\Message.php(10): Domain_Message_Msg::InvoiceWaning('32')
#5 [internal function]: Api_Warning_Message->go()
#6 D:\wamp\www\jxc\api\PhalApi\PhalApi.php(55): call_user_func(Array)
#7 D:\wamp\www\jxc\api\Public\v1\index.php(14): PhalApi->response()
#8 {main}
2019-01-30 16:51:34|ERROR|Warning_Message.Go|exception 'PDOException' with message 'You have an error in your SQL syntax; check the manual that corresponds to your MySQL server version for the right syntax to use near 'where to_days(createTime)=to_days(now()))' at line 1' in D:\wamp\www\jxc\api\PhalApi\NotORM\NotORM\Result.php:258
Stack trace:
#0 D:\wamp\www\jxc\api\PhalApi\NotORM\NotORM\Result.php(811): NotORM_Result->query('SELECT * FROM v...', Array)
#1 D:\wamp\www\jxc\api\PhalApi\NotORM\NotORM\Result.php(857): NotORM_Result->execute()
#2 D:\wamp\www\jxc\api\Version1\Model\Message.php(19): NotORM_Result->fetch()
#3 D:\wamp\www\jxc\api\Version1\Domain\Message\Msg.php(87): Model_Message->invoiceMsgExists('41')
#4 D:\wamp\www\jxc\api\Version1\Api\Warning\Message.php(10): Domain_Message_Msg::InvoiceWaning('32')
#5 [internal function]: Api_Warning_Message->go()
#6 D:\wamp\www\jxc\api\PhalApi\PhalApi.php(55): call_user_func(Array)
#7 D:\wamp\www\jxc\api\Public\v1\index.php(14): PhalApi->response()
#8 {main}
