2017-12-07 09:38:34|ERROR|Warning_Message.Go|exception 'PDOException' with message 'You have an error in your SQL syntax; check the manual that corresponds to your MySQL server version for the right syntax to use near 'where to_days(createTime)=to_days(now()))' at line 1' in D:\wwwroot\api\PhalApi\NotORM\NotORM\Result.php:258
Stack trace:
#0 D:\wwwroot\api\PhalApi\NotORM\NotORM\Result.php(811): NotORM_Result->query('SELECT * FROM v...', Array)
#1 D:\wwwroot\api\PhalApi\NotORM\NotORM\Result.php(857): NotORM_Result->execute()
#2 D:\wwwroot\api\Version1\Model\Message.php(19): NotORM_Result->fetch()
#3 D:\wwwroot\api\Version1\Domain\Message\Msg.php(87): Model_Message->invoiceMsgExists('1')
#4 D:\wwwroot\api\Version1\Api\Warning\Message.php(10): Domain_Message_Msg::InvoiceWaning('32')
#5 [internal function]: Api_Warning_Message->go()
#6 D:\wwwroot\api\PhalApi\PhalApi.php(55): call_user_func(Array)
#7 D:\wwwroot\api\Public\v1\index.php(14): PhalApi->response()
#8 {main}
2017-12-07 09:39:27|ERROR|Warning_Message.Go|exception 'PDOException' with message 'You have an error in your SQL syntax; check the manual that corresponds to your MySQL server version for the right syntax to use near 'where to_days(createTime)=to_days(now()))' at line 1' in D:\wwwroot\api\PhalApi\NotORM\NotORM\Result.php:258
Stack trace:
#0 D:\wwwroot\api\PhalApi\NotORM\NotORM\Result.php(811): NotORM_Result->query('SELECT * FROM v...', Array)
#1 D:\wwwroot\api\PhalApi\NotORM\NotORM\Result.php(857): NotORM_Result->execute()
#2 D:\wwwroot\api\Version1\Model\Message.php(19): NotORM_Result->fetch()
#3 D:\wwwroot\api\Version1\Domain\Message\Msg.php(87): Model_Message->invoiceMsgExists('1')
#4 D:\wwwroot\api\Version1\Api\Warning\Message.php(10): Domain_Message_Msg::InvoiceWaning('32')
#5 [internal function]: Api_Warning_Message->go()
#6 D:\wwwroot\api\PhalApi\PhalApi.php(55): call_user_func(Array)
#7 D:\wwwroot\api\Public\v1\index.php(14): PhalApi->response()
#8 {main}
2017-12-07 09:43:34|ERROR|Warning_Message.Go|exception 'PDOException' with message 'You have an error in your SQL syntax; check the manual that corresponds to your MySQL server version for the right syntax to use near 'where to_days(createTime)=to_days(now()))' at line 1' in D:\wwwroot\api\PhalApi\NotORM\NotORM\Result.php:258
Stack trace:
#0 D:\wwwroot\api\PhalApi\NotORM\NotORM\Result.php(811): NotORM_Result->query('SELECT * FROM v...', Array)
#1 D:\wwwroot\api\PhalApi\NotORM\NotORM\Result.php(857): NotORM_Result->execute()
#2 D:\wwwroot\api\Version1\Model\Message.php(19): NotORM_Result->fetch()
#3 D:\wwwroot\api\Version1\Domain\Message\Msg.php(87): Model_Message->invoiceMsgExists('1')
#4 D:\wwwroot\api\Version1\Api\Warning\Message.php(10): Domain_Message_Msg::InvoiceWaning('32')
#5 [internal function]: Api_Warning_Message->go()
#6 D:\wwwroot\api\PhalApi\PhalApi.php(55): call_user_func(Array)
#7 D:\wwwroot\api\Public\v1\index.php(14): PhalApi->response()
#8 {main}
2017-12-07 11:30:09|ERROR|Invoice_Collect.Go|exception 'PDOException' with message 'Incorrect datetime value: '' for column 'endTime' at row 1' in D:\wwwroot\api\PhalApi\NotORM\NotORM\Result.php:258
Stack trace:
#0 D:\wwwroot\api\PhalApi\NotORM\NotORM\Result.php(410): NotORM_Result->query('UPDATE vich_inv...', Array)
#1 D:\wwwroot\api\PhalApi\PhalApi\Model\NotORM.php(48): NotORM_Result->update(Array)
#2 D:\wwwroot\api\Version1\Domain\Invoice\CURD.php(120): PhalApi_Model_NotORM->update(7, Array)
#3 D:\wwwroot\api\Version1\Api\Invoice\Collect.php(48): Domain_Invoice_CURD->collect(Array)
#4 [internal function]: Api_Invoice_Collect->go()
#5 D:\wwwroot\api\PhalApi\PhalApi.php(55): call_user_func(Array)
#6 D:\wwwroot\api\Public\v1\index.php(14): PhalApi->response()
#7 {main}
2017-12-07 12:36:00|ERROR|Warning_Message.Go|exception 'PDOException' with message 'You have an error in your SQL syntax; check the manual that corresponds to your MySQL server version for the right syntax to use near 'where to_days(createTime)=to_days(now()))' at line 1' in D:\wwwroot\api\PhalApi\NotORM\NotORM\Result.php:258
Stack trace:
#0 D:\wwwroot\api\PhalApi\NotORM\NotORM\Result.php(811): NotORM_Result->query('SELECT * FROM v...', Array)
#1 D:\wwwroot\api\PhalApi\NotORM\NotORM\Result.php(857): NotORM_Result->execute()
#2 D:\wwwroot\api\Version1\Model\Message.php(19): NotORM_Result->fetch()
#3 D:\wwwroot\api\Version1\Domain\Message\Msg.php(87): Model_Message->invoiceMsgExists('1')
#4 D:\wwwroot\api\Version1\Api\Warning\Message.php(10): Domain_Message_Msg::InvoiceWaning('32')
#5 [internal function]: Api_Warning_Message->go()
#6 D:\wwwroot\api\PhalApi\PhalApi.php(55): call_user_func(Array)
#7 D:\wwwroot\api\Public\v1\index.php(14): PhalApi->response()
#8 {main}
2017-12-07 13:26:01|ERROR|Warning_Message.Go|exception 'PDOException' with message 'You have an error in your SQL syntax; check the manual that corresponds to your MySQL server version for the right syntax to use near 'where to_days(createTime)=to_days(now()))' at line 1' in D:\wwwroot\api\PhalApi\NotORM\NotORM\Result.php:258
Stack trace:
#0 D:\wwwroot\api\PhalApi\NotORM\NotORM\Result.php(811): NotORM_Result->query('SELECT * FROM v...', Array)
#1 D:\wwwroot\api\PhalApi\NotORM\NotORM\Result.php(857): NotORM_Result->execute()
#2 D:\wwwroot\api\Version1\Model\Message.php(19): NotORM_Result->fetch()
#3 D:\wwwroot\api\Version1\Domain\Message\Msg.php(87): Model_Message->invoiceMsgExists('1')
#4 D:\wwwroot\api\Version1\Api\Warning\Message.php(10): Domain_Message_Msg::InvoiceWaning('32')
#5 [internal function]: Api_Warning_Message->go()
#6 D:\wwwroot\api\PhalApi\PhalApi.php(55): call_user_func(Array)
#7 D:\wwwroot\api\Public\v1\index.php(14): PhalApi->response()
#8 {main}
