2017-11-23 10:45:38|ERROR|Warning_Message.Go|exception 'PDOException' with message 'You have an error in your SQL syntax; check the manual that corresponds to your MySQL server version for the right syntax to use near 'where to_days(createTime)=to_days(now()))' at line 1' in D:\wwwroot\api\PhalApi\NotORM\NotORM\Result.php:258
Stack trace:
#0 D:\wwwroot\api\PhalApi\NotORM\NotORM\Result.php(811): NotORM_Result->query('SELECT * FROM v...', Array)
#1 D:\wwwroot\api\PhalApi\NotORM\NotORM\Result.php(857): NotORM_Result->execute()
#2 D:\wwwroot\api\Version1\Model\Message.php(19): NotORM_Result->fetch()
#3 D:\wwwroot\api\Version1\Domain\Message\Msg.php(87): Model_Message->invoiceMsgExists('1')
#4 D:\wwwroot\api\Version1\Api\Warning\Message.php(10): Domain_Message_Msg::InvoiceWaning('32')
#5 [internal function]: Api_Warning_Message->go()
#6 D:\wwwroot\api\PhalApi\PhalApi.php(55): call_user_func(Array)
#7 D:\wwwroot\api\Public\v1\index.php(14): PhalApi->response()
#8 {main}
2017-11-23 15:36:09|ERROR|GoodsUnit_GetList.Go|exception 'PDOException' with message 'Unknown column 'unitNo' in 'field list'' in D:\wwwroot\api\PhalApi\NotORM\NotORM\Result.php:258
Stack trace:
#0 D:\wwwroot\api\PhalApi\NotORM\NotORM\Result.php(811): NotORM_Result->query('SELECT unitId,u...', Array)
#1 D:\wwwroot\api\PhalApi\NotORM\NotORM\Result.php(896): NotORM_Result->execute()
#2 D:\wwwroot\api\Version1\Model\GoodsUnit.php(40): NotORM_Result->fetchAll()
#3 D:\wwwroot\api\Version1\Domain\GoodsUnit\CURD.php(48): Model_GoodsUnit->getList(0, 15, '')
#4 D:\wwwroot\api\Version1\Api\GoodsUnit\GetList.php(16): Domain_GoodsUnit_CURD->getList(1, 15, '')
#5 [internal function]: Api_GoodsUnit_GetList->go()
#6 D:\wwwroot\api\PhalApi\PhalApi.php(55): call_user_func(Array)
#7 D:\wwwroot\api\Public\v1\index.php(14): PhalApi->response()
#8 {main}
