2017-11-22 08:38:56|ERROR|Warning_Message.Go|exception 'PDOException' with message 'You have an error in your SQL syntax; check the manual that corresponds to your MySQL server version for the right syntax to use near 'where to_days(createTime)=to_days(now()))' at line 1' in D:\wwwroot\api\PhalApi\NotORM\NotORM\Result.php:258
Stack trace:
#0 D:\wwwroot\api\PhalApi\NotORM\NotORM\Result.php(811): NotORM_Result->query('SELECT * FROM v...', Array)
#1 D:\wwwroot\api\PhalApi\NotORM\NotORM\Result.php(857): NotORM_Result->execute()
#2 D:\wwwroot\api\Version1\Model\Message.php(19): NotORM_Result->fetch()
#3 D:\wwwroot\api\Version1\Domain\Message\Msg.php(87): Model_Message->invoiceMsgExists('1')
#4 D:\wwwroot\api\Version1\Api\Warning\Message.php(10): Domain_Message_Msg::InvoiceWaning('32')
#5 [internal function]: Api_Warning_Message->go()
#6 D:\wwwroot\api\PhalApi\PhalApi.php(55): call_user_func(Array)
#7 D:\wwwroot\api\Public\v1\index.php(14): PhalApi->response()
#8 {main}
2017-11-22 16:09:49|ERROR|Warning_Message.Go|exception 'PDOException' with message 'You have an error in your SQL syntax; check the manual that corresponds to your MySQL server version for the right syntax to use near 'where to_days(createTime)=to_days(now()))' at line 1' in D:\wwwroot\api\PhalApi\NotORM\NotORM\Result.php:258
Stack trace:
#0 D:\wwwroot\api\PhalApi\NotORM\NotORM\Result.php(811): NotORM_Result->query('SELECT * FROM v...', Array)
#1 D:\wwwroot\api\PhalApi\NotORM\NotORM\Result.php(857): NotORM_Result->execute()
#2 D:\wwwroot\api\Version1\Model\Message.php(19): NotORM_Result->fetch()
#3 D:\wwwroot\api\Version1\Domain\Message\Msg.php(87): Model_Message->invoiceMsgExists('1')
#4 D:\wwwroot\api\Version1\Api\Warning\Message.php(10): Domain_Message_Msg::InvoiceWaning('32')
#5 [internal function]: Api_Warning_Message->go()
#6 D:\wwwroot\api\PhalApi\PhalApi.php(55): call_user_func(Array)
#7 D:\wwwroot\api\Public\v1\index.php(14): PhalApi->response()
#8 {main}
2017-11-22 16:15:20|ERROR|Warning_Message.Go|exception 'PDOException' with message 'You have an error in your SQL syntax; check the manual that corresponds to your MySQL server version for the right syntax to use near 'where to_days(createTime)=to_days(now()))' at line 1' in D:\wwwroot\api\PhalApi\NotORM\NotORM\Result.php:258
Stack trace:
#0 D:\wwwroot\api\PhalApi\NotORM\NotORM\Result.php(811): NotORM_Result->query('SELECT * FROM v...', Array)
#1 D:\wwwroot\api\PhalApi\NotORM\NotORM\Result.php(857): NotORM_Result->execute()
#2 D:\wwwroot\api\Version1\Model\Message.php(19): NotORM_Result->fetch()
#3 D:\wwwroot\api\Version1\Domain\Message\Msg.php(87): Model_Message->invoiceMsgExists('1')
#4 D:\wwwroot\api\Version1\Api\Warning\Message.php(10): Domain_Message_Msg::InvoiceWaning('32')
#5 [internal function]: Api_Warning_Message->go()
#6 D:\wwwroot\api\PhalApi\PhalApi.php(55): call_user_func(Array)
#7 D:\wwwroot\api\Public\v1\index.php(14): PhalApi->response()
#8 {main}
