2017-10-18 15:48:12|ERROR|Warning_Message.Go|exception 'PDOException' with message 'Unknown column 'companyId' in 'where clause'' in E:\wwwroot\jxc.com\api\PhalApi\NotORM\NotORM\Result.php:258
Stack trace:
#0 E:\wwwroot\jxc.com\api\PhalApi\NotORM\NotORM\Result.php(811): NotORM_Result->query('SELECT * FROM v...', Array)
#1 E:\wwwroot\jxc.com\api\PhalApi\NotORM\NotORM\Result.php(896): NotORM_Result->execute()
#2 E:\wwwroot\jxc.com\api\Version1\Model\Order.php(190): NotORM_Result->fetchAll()
#3 E:\wwwroot\jxc.com\api\Version1\Domain\Message\Msg.php(110): Model_Order::getNeedSendDeliverMsg('32')
#4 E:\wwwroot\jxc.com\api\Version1\Api\Warning\Message.php(11): Domain_Message_Msg::DeliverWarning('32')
#5 [internal function]: Api_Warning_Message->go()
#6 E:\wwwroot\jxc.com\api\PhalApi\PhalApi.php(55): call_user_func(Array)
#7 E:\wwwroot\jxc.com\api\Public\v1\index.php(14): PhalApi->response()
#8 {main}
2017-10-18 16:00:49|ERROR|Warning_Message.Go|exception 'PDOException' with message 'You have an error in your SQL syntax; check the manual that corresponds to your MySQL server version for the right syntax to use near 'where to_days(createTime)=to_days(now()))' at line 1' in E:\wwwroot\jxc.com\api\PhalApi\NotORM\NotORM\Result.php:258
Stack trace:
#0 E:\wwwroot\jxc.com\api\PhalApi\NotORM\NotORM\Result.php(811): NotORM_Result->query('SELECT * FROM v...', Array)
#1 E:\wwwroot\jxc.com\api\PhalApi\NotORM\NotORM\Result.php(857): NotORM_Result->execute()
#2 E:\wwwroot\jxc.com\api\Version1\Model\Message.php(19): NotORM_Result->fetch()
#3 E:\wwwroot\jxc.com\api\Version1\Domain\Message\Msg.php(87): Model_Message->invoiceMsgExists('1')
#4 E:\wwwroot\jxc.com\api\Version1\Api\Warning\Message.php(10): Domain_Message_Msg::InvoiceWaning('32')
#5 [internal function]: Api_Warning_Message->go()
#6 E:\wwwroot\jxc.com\api\PhalApi\PhalApi.php(55): call_user_func(Array)
#7 E:\wwwroot\jxc.com\api\Public\v1\index.php(14): PhalApi->response()
#8 {main}
